  teamWork.cpp
C:\Users\USER\Desktop\cpp\Computer_Grapics_teamwork\Computer_Grapics_teamwork\teamWork.cpp(24,17): warning C4305: '초기화 중': 'double'에서 'float'(으)로 잘립니다.
C:\Users\USER\Desktop\cpp\Computer_Grapics_teamwork\Computer_Grapics_teamwork\teamWork.cpp(24,29): warning C4305: '초기화 중': 'double'에서 'float'(으)로 잘립니다.
C:\Users\USER\Desktop\cpp\Computer_Grapics_teamwork\Computer_Grapics_teamwork\teamWork.cpp(121,53): warning C4305: '인수': 'double'에서 'GLfloat'(으)로 잘립니다.
C:\Users\USER\Desktop\cpp\Computer_Grapics_teamwork\Computer_Grapics_teamwork\teamWork.cpp(465,23): warning C4244: '인수': 'double'에서 'GLfloat'(으)로 변환하면서 데이터가 손실될 수 있습니다.
C:\Users\USER\Desktop\cpp\Computer_Grapics_teamwork\Computer_Grapics_teamwork\teamWork.cpp(474,22): warning C4244: '인수': 'double'에서 'GLfloat'(으)로 변환하면서 데이터가 손실될 수 있습니다.
C:\Users\USER\Desktop\cpp\Computer_Grapics_teamwork\Computer_Grapics_teamwork\teamWork.cpp(483,23): warning C4244: '인수': 'double'에서 'GLfloat'(으)로 변환하면서 데이터가 손실될 수 있습니다.
C:\Users\USER\Desktop\cpp\Computer_Grapics_teamwork\Computer_Grapics_teamwork\teamWork.cpp(487,20): warning C4244: '인수': 'double'에서 'float'(으)로 변환하면서 데이터가 손실될 수 있습니다.
C:\Users\USER\Desktop\cpp\Computer_Grapics_teamwork\Computer_Grapics_teamwork\teamWork.cpp(492,23): warning C4244: '인수': 'double'에서 'GLfloat'(으)로 변환하면서 데이터가 손실될 수 있습니다.
C:\Users\USER\Desktop\cpp\Computer_Grapics_teamwork\Computer_Grapics_teamwork\teamWork.cpp(501,22): warning C4244: '인수': 'double'에서 'GLfloat'(으)로 변환하면서 데이터가 손실될 수 있습니다.
C:\Users\USER\Desktop\cpp\Computer_Grapics_teamwork\Computer_Grapics_teamwork\teamWork.cpp(510,22): warning C4244: '인수': 'double'에서 'GLfloat'(으)로 변환하면서 데이터가 손실될 수 있습니다.
C:\Users\USER\Desktop\cpp\Computer_Grapics_teamwork\Computer_Grapics_teamwork\teamWork.cpp(519,22): warning C4244: '인수': 'double'에서 'GLfloat'(으)로 변환하면서 데이터가 손실될 수 있습니다.
C:\Users\USER\Desktop\cpp\Computer_Grapics_teamwork\Computer_Grapics_teamwork\teamWork.cpp(535,22): warning C4244: '인수': 'double'에서 'GLfloat'(으)로 변환하면서 데이터가 손실될 수 있습니다.
C:\Users\USER\Desktop\cpp\Computer_Grapics_teamwork\Computer_Grapics_teamwork\teamWork.cpp(544,22): warning C4244: '인수': 'double'에서 'GLfloat'(으)로 변환하면서 데이터가 손실될 수 있습니다.
C:\Users\USER\Desktop\cpp\Computer_Grapics_teamwork\Computer_Grapics_teamwork\teamWork.cpp(551,20): warning C4244: '인수': 'double'에서 'float'(으)로 변환하면서 데이터가 손실될 수 있습니다.
C:\Users\USER\Desktop\cpp\Computer_Grapics_teamwork\Computer_Grapics_teamwork\teamWork.cpp(552,19): warning C4244: '인수': 'double'에서 'float'(으)로 변환하면서 데이터가 손실될 수 있습니다.
C:\Users\USER\Desktop\cpp\Computer_Grapics_teamwork\Computer_Grapics_teamwork\teamWork.cpp(553,20): warning C4244: '인수': 'double'에서 'float'(으)로 변환하면서 데이터가 손실될 수 있습니다.
C:\Users\USER\Desktop\cpp\Computer_Grapics_teamwork\Computer_Grapics_teamwork\teamWork.cpp(554,19): warning C4244: '인수': 'double'에서 'float'(으)로 변환하면서 데이터가 손실될 수 있습니다.
C:\Users\USER\Desktop\cpp\Computer_Grapics_teamwork\Computer_Grapics_teamwork\teamWork.cpp(555,19): warning C4244: '인수': 'double'에서 'float'(으)로 변환하면서 데이터가 손실될 수 있습니다.
C:\Users\USER\Desktop\cpp\Computer_Grapics_teamwork\Computer_Grapics_teamwork\teamWork.cpp(556,19): warning C4244: '인수': 'double'에서 'float'(으)로 변환하면서 데이터가 손실될 수 있습니다.
C:\Users\USER\Desktop\cpp\Computer_Grapics_teamwork\Computer_Grapics_teamwork\teamWork.cpp(557,19): warning C4244: '인수': 'double'에서 'float'(으)로 변환하면서 데이터가 손실될 수 있습니다.
C:\Users\USER\Desktop\cpp\Computer_Grapics_teamwork\Computer_Grapics_teamwork\teamWork.cpp(558,19): warning C4244: '인수': 'double'에서 'float'(으)로 변환하면서 데이터가 손실될 수 있습니다.
C:\Users\USER\Desktop\cpp\Computer_Grapics_teamwork\Computer_Grapics_teamwork\teamWork.cpp(642,31): warning C4305: '인수': 'double'에서 'GLfloat'(으)로 잘립니다.
C:\Users\USER\Desktop\cpp\Computer_Grapics_teamwork\Computer_Grapics_teamwork\teamWork.cpp(901,48): warning C4244: '-=': 'double'에서 'float'(으)로 변환하면서 데이터가 손실될 수 있습니다.
C:\Users\USER\Desktop\cpp\Computer_Grapics_teamwork\Computer_Grapics_teamwork\teamWork.cpp(909,48): warning C4244: '+=': 'double'에서 'float'(으)로 변환하면서 데이터가 손실될 수 있습니다.
C:\Users\USER\Desktop\cpp\Computer_Grapics_teamwork\Computer_Grapics_teamwork\teamWork.cpp(922,16): warning C4244: '=': 'double'에서 'float'(으)로 변환하면서 데이터가 손실될 수 있습니다.
C:\Users\USER\Desktop\cpp\Computer_Grapics_teamwork\Computer_Grapics_teamwork\teamWork.cpp(923,18): warning C4244: '=': 'double'에서 'float'(으)로 변환하면서 데이터가 손실될 수 있습니다.
C:\Users\USER\Desktop\cpp\Computer_Grapics_teamwork\Computer_Grapics_teamwork\teamWork.cpp(924,18): warning C4244: '=': 'double'에서 'float'(으)로 변환하면서 데이터가 손실될 수 있습니다.
C:\Users\USER\Desktop\cpp\Computer_Grapics_teamwork\Computer_Grapics_teamwork\teamWork.cpp(925,18): warning C4244: '=': 'double'에서 'float'(으)로 변환하면서 데이터가 손실될 수 있습니다.
C:\Users\USER\Desktop\cpp\Computer_Grapics_teamwork\Computer_Grapics_teamwork\teamWork.cpp(926,18): warning C4244: '=': 'double'에서 'float'(으)로 변환하면서 데이터가 손실될 수 있습니다.
C:\Users\USER\Desktop\cpp\Computer_Grapics_teamwork\Computer_Grapics_teamwork\teamWork.cpp(927,18): warning C4244: '=': 'double'에서 'float'(으)로 변환하면서 데이터가 손실될 수 있습니다.
C:\Users\USER\Desktop\cpp\Computer_Grapics_teamwork\Computer_Grapics_teamwork\teamWork.cpp(928,18): warning C4244: '=': 'double'에서 'float'(으)로 변환하면서 데이터가 손실될 수 있습니다.
C:\Users\USER\Desktop\cpp\Computer_Grapics_teamwork\Computer_Grapics_teamwork\teamWork.cpp(929,18): warning C4244: '=': 'double'에서 'float'(으)로 변환하면서 데이터가 손실될 수 있습니다.
  Computer_Grapics_teamwork.vcxproj -> C:\Users\USER\Desktop\cpp\Computer_Grapics_teamwork\Debug\Computer_Grapics_teamwork.exe
